<?xml version="1.0" encoding="UTF-8"?>
<testsuite xmlns:xsi="http://www.w3.org/2001/XMLSchema-instance" xsi:noNamespaceSchemaLocation="https://maven.apache.org/surefire/maven-surefire-plugin/xsd/surefire-test-report.xsd" version="3.0.2" name="todo_demo.TodoDemoApplicationTests" time="9.383" tests="1" errors="0" skipped="0" failures="0">
  <properties>
[...]
</properties>
  <testcase name="contextLoads" classname="todo_demo.TodoDemoApplicationTests" time="0.662">
    <system-out><![CDATA[00:17:47.421 [main] INFO org.springframework.test.context.support.AnnotationConfigContextLoaderUtils -- Could not detect default configuration classes for test class [todo_demo.TodoDemoApplicationTests]: TodoDemoApplicationTests does not declare any static, non-private, non-final, nested classes annotated with @Configuration.
00:17:47.611 [main] INFO org.springframework.boot.test.context.SpringBootTestContextBootstrapper -- Found @SpringBootConfiguration todo_demo.TodoDemoApplication for test class todo_demo.TodoDemoApplicationTests
00:17:47.899 [main] INFO org.springframework.boot.devtools.restart.RestartApplicationListener -- Restart disabled due to context in which it is running

  .   ____          _            __ _ _
 /\\ / ___'_ __ _ _(_)_ __  __ _ \ \ \ \
( ( )\___ | '_ | '_| | '_ \/ _` | \ \ \ \
 \\/  ___)| |_)| | | | | || (_| |  ) ) ) )
  '  |____| .__|_| |_|_| |_\__, | / / / /
 =========|_|==============|___/=/_/_/_/

 :: Spring Boot ::                (v3.5.4)

2025-09-02T00:17:48.580+09:00  INFO 15008 --- [todo_demo] [           main] todo_demo.TodoDemoApplicationTests       : Starting TodoDemoApplicationTests using Java 17.0.15 with PID 15008 (started by user in C:\SpingBoot\todo_demo_fixed)
2025-09-02T00:17:48.583+09:00  INFO 15008 --- [todo_demo] [           main] todo_demo.TodoDemoApplicationTests       : No active profile set, falling back to 1 default profile: "default"
2025-09-02T00:17:49.920+09:00  INFO 15008 --- [todo_demo] [           main] .s.d.r.c.RepositoryConfigurationDelegate : Bootstrapping Spring Data JPA repositories in DEFAULT mode.
2025-09-02T00:17:50.041+09:00  INFO 15008 --- [todo_demo] [           main] .s.d.r.c.RepositoryConfigurationDelegate : Finished Spring Data repository scanning in 101 ms. Found 2 JPA repository interfaces.
2025-09-02T00:17:50.893+09:00  INFO 15008 --- [todo_demo] [           main] o.hibernate.jpa.internal.util.LogHelper  : HHH000204: Processing PersistenceUnitInfo [name: default]
2025-09-02T00:17:51.015+09:00  INFO 15008 --- [todo_demo] [           main] org.hibernate.Version                    : HHH000412: Hibernate ORM core version 6.6.22.Final
2025-09-02T00:17:51.089+09:00  INFO 15008 --- [todo_demo] [           main] o.h.c.internal.RegionFactoryInitiator    : HHH000026: Second-level cache disabled
2025-09-02T00:17:51.947+09:00  INFO 15008 --- [todo_demo] [           main] o.s.o.j.p.SpringPersistenceUnitInfo      : No LoadTimeWeaver setup: ignoring JPA class transformer
2025-09-02T00:17:52.021+09:00  INFO 15008 --- [todo_demo] [           main] com.zaxxer.hikari.HikariDataSource       : HikariPool-1 - Starting...
2025-09-02T00:17:52.466+09:00  INFO 15008 --- [todo_demo] [           main] com.zaxxer.hikari.pool.HikariPool        : HikariPool-1 - Added connection conn0: url=jdbc:h2:file:./data/todo_db user=SA
2025-09-02T00:17:52.469+09:00  INFO 15008 --- [todo_demo] [           main] com.zaxxer.hikari.HikariDataSource       : HikariPool-1 - Start completed.
2025-09-02T00:17:52.616+09:00  INFO 15008 --- [todo_demo] [           main] org.hibernate.orm.connections.pooling    : HHH10001005: Database info:
	Database JDBC URL [Connecting through datasource 'HikariDataSource (HikariPool-1)']
	Database driver: undefined/unknown
	Database version: 2.3.232
	Autocommit mode: undefined/unknown
	Isolation level: undefined/unknown
	Minimum pool size: undefined/unknown
	Maximum pool size: undefined/unknown
2025-09-02T00:17:53.982+09:00  INFO 15008 --- [todo_demo] [           main] o.h.e.t.j.p.i.JtaPlatformInitiator       : HHH000489: No JTA platform available (set 'hibernate.transaction.jta.platform' to enable JTA platform integration)
2025-09-02T00:17:54.066+09:00  INFO 15008 --- [todo_demo] [           main] j.LocalContainerEntityManagerFactoryBean : Initialized JPA EntityManagerFactory for persistence unit 'default'
2025-09-02T00:17:54.768+09:00  WARN 15008 --- [todo_demo] [           main] JpaBaseConfiguration$JpaWebConfiguration : spring.jpa.open-in-view is enabled by default. Therefore, database queries may be performed during view rendering. Explicitly configure spring.jpa.open-in-view to disable this warning
2025-09-02T00:17:54.835+09:00  INFO 15008 --- [todo_demo] [           main] eAuthenticationProviderManagerConfigurer : Global AuthenticationManager configured with AuthenticationProvider bean with name authProvider
2025-09-02T00:17:54.836+09:00  WARN 15008 --- [todo_demo] [           main] r$InitializeUserDetailsManagerConfigurer : Global AuthenticationManager configured with an AuthenticationProvider bean. UserDetailsService beans will not be used by Spring Security for automatically configuring username/password login. Consider removing the AuthenticationProvider bean. Alternatively, consider using the UserDetailsService in a manually instantiated DaoAuthenticationProvider. If the current configuration is intentional, to turn off this warning, increase the logging level of 'org.springframework.security.config.annotation.authentication.configuration.InitializeUserDetailsBeanManagerConfigurer' to ERROR
2025-09-02T00:17:54.973+09:00  INFO 15008 --- [todo_demo] [           main] o.s.b.a.w.s.WelcomePageHandlerMapping    : Adding welcome page template: index
2025-09-02T00:17:55.724+09:00  INFO 15008 --- [todo_demo] [           main] o.s.b.a.h2.H2ConsoleAutoConfiguration    : H2 console available at '/h2-console'. Database available at 'jdbc:h2:file:./data/todo_db'
2025-09-02T00:17:55.871+09:00  INFO 15008 --- [todo_demo] [           main] todo_demo.TodoDemoApplicationTests       : Started TodoDemoApplicationTests in 7.998 seconds (process running for 9.73)
]]></system-out>
  </testcase>
</testsuite>